-------------------------------------------------------------------------------
Test set: com.examly.springapp.SpringappApplicationTests
-------------------------------------------------------------------------------
Tests run: 20, Failures: 10, Errors: 0, Skipped: 0, Time elapsed: 2.857 s <<< FAILURE! - in com.examly.springapp.SpringappApplicationTests
com.examly.springapp.SpringappApplicationTests.test_CorsConfiguration_Has_Configuration_Annotation  Time elapsed: 0.231 s  <<< FAILURE!
org.opentest4j.AssertionFailedError: expected: <true> but was: <false>
	at com.examly.springapp.SpringappApplicationTests.checkClassHasAnnotation(SpringappApplicationTests.java:220)
	at com.examly.springapp.SpringappApplicationTests.test_CorsConfiguration_Has_Configuration_Annotation(SpringappApplicationTests.java:163)

com.examly.springapp.SpringappApplicationTests.test_Get_AllGifts  Time elapsed: 0.063 s  <<< FAILURE!
java.lang.AssertionError: Status expected:<200> but was:<404>
	at com.examly.springapp.SpringappApplicationTests.test_Get_AllGifts(SpringappApplicationTests.java:58)

com.examly.springapp.SpringappApplicationTests.test_Gift_Model_Has_specialization_Field  Time elapsed: 0.003 s  <<< FAILURE!
org.opentest4j.AssertionFailedError: Field specialization in class com.examly.springapp.model.Gift does not exist.
	at com.examly.springapp.SpringappApplicationTests.checkFieldExists(SpringappApplicationTests.java:200)
	at com.examly.springapp.SpringappApplicationTests.test_Gift_Model_Has_specialization_Field(SpringappApplicationTests.java:138)

com.examly.springapp.SpringappApplicationTests.test_InvalidPhoneNumberException_Extends_RuntimeException  Time elapsed: 0.003 s  <<< FAILURE!
org.opentest4j.AssertionFailedError: InvalidPhoneNumberException should extend RuntimeException ==> expected: <true> but was: <false>
	at com.examly.springapp.SpringappApplicationTests.test_InvalidPhoneNumberException_Extends_RuntimeException(SpringappApplicationTests.java:178)

com.examly.springapp.SpringappApplicationTests.test_Gift_Model_Has_giftCategories_Field  Time elapsed: 0.004 s  <<< FAILURE!
org.opentest4j.AssertionFailedError: Field giftCategories in class com.examly.springapp.model.Gift does not exist.
	at com.examly.springapp.SpringappApplicationTests.checkFieldExists(SpringappApplicationTests.java:200)
	at com.examly.springapp.SpringappApplicationTests.test_Gift_Model_Has_giftCategories_Field(SpringappApplicationTests.java:132)

com.examly.springapp.SpringappApplicationTests.test_Gift_Model_Has_name_Field  Time elapsed: 0.002 s  <<< FAILURE!
org.opentest4j.AssertionFailedError: Field name in class com.examly.springapp.model.Gift does not exist.
	at com.examly.springapp.SpringappApplicationTests.checkFieldExists(SpringappApplicationTests.java:200)
	at com.examly.springapp.SpringappApplicationTests.test_Gift_Model_Has_name_Field(SpringappApplicationTests.java:126)

com.examly.springapp.SpringappApplicationTests.test_GiftRepo_Extends_JpaRepository  Time elapsed: 0.002 s  <<< FAILURE!
org.opentest4j.AssertionFailedError: expected: <true> but was: <false>
	at com.examly.springapp.SpringappApplicationTests.checkClassImplementsInterface(SpringappApplicationTests.java:209)
	at com.examly.springapp.SpringappApplicationTests.test_GiftRepo_Extends_JpaRepository(SpringappApplicationTests.java:150)

com.examly.springapp.SpringappApplicationTests.test_Gift_Model_Has_phoneNumber_Field  Time elapsed: 0.001 s  <<< FAILURE!
org.opentest4j.AssertionFailedError: Field phoneNumber in class com.examly.springapp.model.Gift does not exist.
	at com.examly.springapp.SpringappApplicationTests.checkFieldExists(SpringappApplicationTests.java:200)
	at com.examly.springapp.SpringappApplicationTests.test_Gift_Model_Has_phoneNumber_Field(SpringappApplicationTests.java:144)

com.examly.springapp.SpringappApplicationTests.test_Add_Gift_With_Invalid_PhoneNumber  Time elapsed: 0.004 s  <<< FAILURE!
java.lang.AssertionError: Status expected:<400> but was:<404>
	at com.examly.springapp.SpringappApplicationTests.test_Add_Gift_With_Invalid_PhoneNumber(SpringappApplicationTests.java:48)

com.examly.springapp.SpringappApplicationTests.test_Add_Gift  Time elapsed: 0.005 s  <<< FAILURE!
java.lang.AssertionError: Status expected:<200> but was:<404>
	at com.examly.springapp.SpringappApplicationTests.test_Add_Gift(SpringappApplicationTests.java:35)

